Preparing bot startup...
Preparing bot startup...
All modules initialized. Starting bot!
Daemon started!
Daemon started!
Bot activated! Id: 1
Bot activated! Id: 3
Bot activated! Id: 4
Market activated! Id: (1, 'Crex24', 'DOGE-BTC')
Market activated! Id: (3, 'Crex24', 'LTC-BTC')
Market activated! Id: (4, 'Crex24', 'ETH-BTC')
Market activated! Id: (1, 'Binance', 'DOGEBTC')
Market activated! Id: (3, 'Binance', 'LTCBTC')
Market activated! Id: (4, 'Binance', 'ETHBTC')
Database syncing to bot....
Daemon started!
Markets not synced yet...
Database syncing to bot....
Shutdown By User
Preparing bot startup...
All modules initialized. Starting bot!
Daemon started!
Daemon started!
Bot activated! Id: 1
Bot activated! Id: 3
Bot activated! Id: 4
Market activated! Id: (1, 'Crex24', 'DOGE-BTC')
Market activated! Id: (3, 'Crex24', 'LTC-BTC')
Market activated! Id: (4, 'Crex24', 'ETH-BTC')
Market activated! Id: (1, 'Binance', 'DOGEBTC')
Market activated! Id: (3, 'Binance', 'LTCBTC')
Market activated! Id: (4, 'Binance', 'ETHBTC')
Database syncing to bot....
Shutdown By User
Preparing bot startup...
All modules initialized. Starting bot!
Daemon started!
Daemon started!
Bot activated! Id: 1
Bot activated! Id: 3
Bot activated! Id: 4
Market activated! Id: (1, 'Crex24', 'DOGE-BTC')
Market activated! Id: (3, 'Crex24', 'LTC-BTC')
Market activated! Id: (4, 'Crex24', 'ETH-BTC')
Market activated! Id: (1, 'Binance', 'DOGEBTC')
Market activated! Id: (3, 'Binance', 'LTCBTC')
Market activated! Id: (4, 'Binance', 'ETHBTC')
Database syncing to bot....
Shutdown By User
Preparing bot startup...
All modules initialized. Starting bot!
Daemon started!
Daemon started!
Bot activated! Id: 1
Bot activated! Id: 3
Bot activated! Id: 4
Market activated! Id: (1, 'Crex24', 'DOGE-BTC')
Market activated! Id: (3, 'Crex24', 'LTC-BTC')
Market activated! Id: (4, 'Crex24', 'ETH-BTC')
Market activated! Id: (1, 'Binance', 'DOGEBTC')
Market activated! Id: (3, 'Binance', 'LTCBTC')
Market activated! Id: (4, 'Binance', 'ETHBTC')
Shutdown By User
Preparing bot startup...
All modules initialized. Starting bot!
Daemon started!
Daemon started!
Bot activated! Id: 1
Bot activated! Id: 3
Bot activated! Id: 4
Market activated! Id: (1, 'Crex24', 'DOGE-BTC')
Market activated! Id: (3, 'Crex24', 'LTC-BTC')
Market activated! Id: (4, 'Crex24', 'ETH-BTC')
Market activated! Id: (1, 'Binance', 'DOGEBTC')
Market activated! Id: (3, 'Binance', 'LTCBTC')
Market activated! Id: (4, 'Binance', 'ETHBTC')
Shutdown By User
Preparing bot startup...
All modules initialized. Starting bot!
Daemon started!
Daemon started!
Bot activated! Id: 1
Bot activated! Id: 3
Bot activated! Id: 4
Market activated! Id: (1, 'Crex24', 'DOGE-BTC')
Market activated! Id: (3, 'Crex24', 'LTC-BTC')
Market activated! Id: (4, 'Crex24', 'ETH-BTC')
Market activated! Id: (1, 'Binance', 'DOGEBTC')
Market activated! Id: (3, 'Binance', 'LTCBTC')
Market activated! Id: (4, 'Binance', 'ETHBTC')
Shutdown By User
Database syncing to bot....
Preparing bot startup...
All modules initialized. Starting bot!
Daemon started!
Daemon started!
Bot activated! Id: 1
Bot activated! Id: 3
Bot activated! Id: 4
Market activated! Id: (1, 'Crex24', 'DOGE-BTC')
Market activated! Id: (3, 'Crex24', 'LTC-BTC')
Market activated! Id: (4, 'Crex24', 'ETH-BTC')
Market activated! Id: (1, 'Binance', 'DOGEBTC')
Market activated! Id: (3, 'Binance', 'LTCBTC')
Market activated! Id: (4, 'Binance', 'ETHBTC')
Database syncing to bot....
Shutdown By User
Preparing bot startup...
All modules initialized. Starting bot!
Daemon started!
Daemon started!
Bot activated! Id: 1
Bot activated! Id: 3
Bot activated! Id: 4
Market activated! Id: (1, 'Crex24', 'DOGE-BTC')
Market activated! Id: (3, 'Crex24', 'LTC-BTC')
Market activated! Id: (4, 'Crex24', 'ETH-BTC')
Market activated! Id: (1, 'Binance', 'DOGEBTC')
Market activated! Id: (3, 'Binance', 'LTCBTC')
Market activated! Id: (4, 'Binance', 'ETHBTC')
Database syncing to bot....
Daemon started!
Markets not synced yet...
Markets not synced yet...
Database syncing to bot....
Exchanges syncing to bot... Sub-threads active:10
Bots [1, 3, 4] are searching for arbitrage options...
Database syncing to bot....
Exchanges syncing to bot... Sub-threads active:15
Shutdown By User
Preparing bot startup...
All modules initialized. Starting bot!
Daemon started!
Daemon started!
Bot activated! Id: 1
Bot activated! Id: 3
Bot activated! Id: 4
Market activated! Id: (1, 'Crex24', 'DOGE-BTC')
Market activated! Id: (3, 'Crex24', 'LTC-BTC')
Market activated! Id: (4, 'Crex24', 'ETH-BTC')
Market activated! Id: (1, 'Binance', 'DOGEBTC')
Market activated! Id: (3, 'Binance', 'LTCBTC')
Market activated! Id: (4, 'Binance', 'ETHBTC')
Database syncing to bot....
Daemon started!
Markets not synced yet...
Markets not synced yet...
Database syncing to bot....
Exchanges syncing to bot... Sub-threads active:19
Bots [1, 3, 4] are searching for arbitrage options...
Database syncing to bot....
Exchanges syncing to bot... Sub-threads active:15
Bots [1, 3, 4] are searching for arbitrage options...
Database syncing to bot....
Exchanges syncing to bot... Sub-threads active:13
Database syncing to bot....
Bots [1, 3, 4] are searching for arbitrage options...
Database syncing to bot....
Exchanges syncing to bot... Sub-threads active:10
Bots [1, 3, 4] are searching for arbitrage options...
Database syncing to bot....
Exchanges syncing to bot... Sub-threads active:11
Database syncing to bot....
Bots [1, 3, 4] are searching for arbitrage options...
Shutdown By User
Preparing bot startup...
All modules initialized. Starting bot!
Daemon started!
Daemon started!
Bot activated! Id: 1
Bot activated! Id: 3
Bot activated! Id: 4
Market activated! Id: (1, 'Crex24', 'DOGE-BTC')
Market activated! Id: (3, 'Crex24', 'LTC-BTC')
Market activated! Id: (4, 'Crex24', 'ETH-BTC')
Market activated! Id: (1, 'Binance', 'DOGEBTC')
Market activated! Id: (3, 'Binance', 'LTCBTC')
Market activated! Id: (4, 'Binance', 'ETHBTC')
Database syncing to bot....
Daemon started!
Database syncing to bot....
Exchanges syncing to bot... Sub-threads active:18
Bots [1, 3, 4] are searching for arbitrage options...
Database syncing to bot....
Exchanges syncing to bot... Sub-threads active:11
Bots [1, 3, 4] are searching for arbitrage options...
Database syncing to bot....
Exchanges syncing to bot... Sub-threads active:9
Database syncing to bot....
Bots [1, 3, 4] are searching for arbitrage options...
Database syncing to bot....
Exchanges syncing to bot... Sub-threads active:17
Bots [1, 3, 4] are searching for arbitrage options...
Database syncing to bot....
Exchanges syncing to bot... Sub-threads active:15
Database syncing to bot....
Bots [1, 3, 4] are searching for arbitrage options...
Exchanges syncing to bot... Sub-threads active:12
Database syncing to bot....
Bots [1, 3, 4] are searching for arbitrage options...
Database syncing to bot....
Exchanges syncing to bot... Sub-threads active:15
Database syncing to bot....
Bots [1, 3, 4] are searching for arbitrage options...
Exchanges syncing to bot... Sub-threads active:13
Database syncing to bot....
Bots [1, 3, 4] are searching for arbitrage options...
Exchanges syncing to bot... Sub-threads active:6
Database syncing to bot....
Database syncing to bot....
Shutdown By User
Preparing bot startup...
All modules initialized. Starting bot!
Daemon started!
Daemon started!
Bot activated! Id: 1
Bot activated! Id: 3
Bot activated! Id: 4
Market activated! Id: (1, 'Crex24', 'DOGE-BTC')
Market activated! Id: (3, 'Crex24', 'LTC-BTC')
Market activated! Id: (4, 'Crex24', 'ETH-BTC')
Market activated! Id: (1, 'Binance', 'DOGEBTC')
Market activated! Id: (3, 'Binance', 'LTCBTC')
Market activated! Id: (4, 'Binance', 'ETHBTC')
Database syncing to bot....
Daemon started!
Database syncing to bot....
Exchanges syncing to bot... Sub-threads active:17
Bots [1, 3, 4] are searching for arbitrage options...
Database syncing to bot....
Exchanges syncing to bot... Sub-threads active:14
Database syncing to bot....
Bots [1, 3, 4] are searching for arbitrage options...
Exchanges syncing to bot... Sub-threads active:9
Database syncing to bot....
Bots [1, 3, 4] are searching for arbitrage options...
Database syncing to bot....
Exchanges syncing to bot... Sub-threads active:10
Database syncing to bot....
Bots [1, 3, 4] are searching for arbitrage options...
Exchanges syncing to bot... Sub-threads active:13
Database syncing to bot....
Bots [1, 3, 4] are searching for arbitrage options...
Exchanges syncing to bot... Sub-threads active:11
Database syncing to bot....
Database syncing to bot....
Exchanges syncing to bot... Sub-threads active:15
Bots [1, 3, 4] are searching for arbitrage options...
Database syncing to bot....
Exchanges syncing to bot... Sub-threads active:7
Bots [1, 3, 4] are searching for arbitrage options...
Database syncing to bot....
Exchanges syncing to bot... Sub-threads active:14
Database syncing to bot....
Bots [1, 3, 4] are searching for arbitrage options...
Database syncing to bot....
Exchanges syncing to bot... Sub-threads active:17
Database syncing to bot....
Bots [1, 3, 4] are searching for arbitrage options...
Exchanges syncing to bot... Sub-threads active:12
Database syncing to bot....
Bots [1, 3, 4] are searching for arbitrage options...
Exchanges syncing to bot... Sub-threads active:16
Database syncing to bot....
Bots [1, 3, 4] are searching for arbitrage options...
Database syncing to bot....
Exchanges syncing to bot... Sub-threads active:13
Database syncing to bot....
Bots [1, 3, 4] are searching for arbitrage options...
Exchanges syncing to bot... Sub-threads active:9
Database syncing to bot....
Exchanges syncing to bot... Sub-threads active:5
Database syncing to bot....
Bots [1, 3, 4] are searching for arbitrage options...
Database syncing to bot....
